[debug] [2024-06-17T18:06:41.243Z] ----------------------------------------------------------------------
[debug] [2024-06-17T18:06:41.244Z] Command:       /opt/homebrew/Cellar/node@20/20.14.0/bin/node /Users/briangenisio/code/passthecheese.ai/node_modules/.bin/firebase deploy
[debug] [2024-06-17T18:06:41.244Z] CLI Version:   9.23.3
[debug] [2024-06-17T18:06:41.244Z] Platform:      darwin
[debug] [2024-06-17T18:06:41.245Z] Node Version:  v20.14.0
[debug] [2024-06-17T18:06:41.245Z] Time:          Mon Jun 17 2024 14:06:41 GMT-0400 (Eastern Daylight Time)
[debug] [2024-06-17T18:06:41.245Z] ----------------------------------------------------------------------
[debug] 
[debug] [2024-06-17T18:06:41.278Z] > command requires scopes: ["email","openid","https://www.googleapis.com/auth/cloudplatformprojects.readonly","https://www.googleapis.com/auth/firebase","https://www.googleapis.com/auth/cloud-platform"]
[debug] [2024-06-17T18:06:41.278Z] > authorizing via signed-in user (briangenisio@gmail.com)
[debug] [2024-06-17T18:06:41.278Z] [iam] checking project pass-the-cheese for permissions ["firebase.projects.get","firebasehosting.sites.update"]
[debug] [2024-06-17T18:06:41.279Z] >>> HTTP REQUEST POST https://cloudresourcemanager.googleapis.com/v1/projects/pass-the-cheese:testIamPermissions  
 {"permissions":["firebase.projects.get","firebasehosting.sites.update"]}
[debug] [2024-06-17T18:06:41.508Z] <<< HTTP RESPONSE 200 {"content-type":"application/json; charset=UTF-8","vary":"X-Origin, Referer, Origin,Accept-Encoding","date":"Mon, 17 Jun 2024 18:06:41 GMT","server":"ESF","cache-control":"private","x-xss-protection":"0","x-frame-options":"SAMEORIGIN","x-content-type-options":"nosniff","server-timing":"gfet4t7; dur=60","alt-svc":"h3=\":443\"; ma=2592000,h3-29=\":443\"; ma=2592000","accept-ranges":"none","transfer-encoding":"chunked"}
[debug] [2024-06-17T18:06:41.509Z] > refreshing access token with scopes: []
[debug] [2024-06-17T18:06:41.509Z] >>> HTTP REQUEST POST https://www.googleapis.com/oauth2/v3/token  
 <request body omitted>
[debug] [2024-06-17T18:06:41.676Z] <<< HTTP RESPONSE 200 {"pragma":"no-cache","cache-control":"no-cache, no-store, max-age=0, must-revalidate","expires":"Mon, 01 Jan 1990 00:00:00 GMT","date":"Mon, 17 Jun 2024 18:06:41 GMT","content-type":"application/json; charset=utf-8","vary":"X-Origin, Referer, Origin,Accept-Encoding","server":"scaffolding on HTTPServer2","x-xss-protection":"0","x-frame-options":"SAMEORIGIN","x-content-type-options":"nosniff","alt-svc":"h3=\":443\"; ma=2592000,h3-29=\":443\"; ma=2592000","accept-ranges":"none","transfer-encoding":"chunked"}
[debug] [2024-06-17T18:06:41.685Z] >>> [apiv2][query] GET https://firebase.googleapis.com/v1beta1/projects/pass-the-cheese [none]
[debug] [2024-06-17T18:06:42.050Z] <<< [apiv2][status] GET https://firebase.googleapis.com/v1beta1/projects/pass-the-cheese 200
[debug] [2024-06-17T18:06:42.050Z] <<< [apiv2][body] GET https://firebase.googleapis.com/v1beta1/projects/pass-the-cheese {"projectId":"pass-the-cheese","projectNumber":"27399289966","displayName":"pass-the-cheese","name":"projects/pass-the-cheese","resources":{"hostingSite":"pass-the-cheese"},"state":"ACTIVE","etag":"1_345c3995-c1c4-4077-a0c7-7307cf46f7ce"}
[info] 
[info] === Deploying to 'pass-the-cheese'...
[info] 
[info] i  deploying hosting 
[debug] [2024-06-17T18:06:42.053Z] > refreshing access token with scopes: ["email","https://www.googleapis.com/auth/cloud-platform","https://www.googleapis.com/auth/cloudplatformprojects.readonly","https://www.googleapis.com/auth/firebase","openid"]
[debug] [2024-06-17T18:06:42.053Z] >>> HTTP REQUEST POST https://www.googleapis.com/oauth2/v3/token  
 <request body omitted>
[debug] [2024-06-17T18:06:42.113Z] <<< HTTP RESPONSE 200 {"date":"Mon, 17 Jun 2024 18:06:42 GMT","pragma":"no-cache","expires":"Mon, 01 Jan 1990 00:00:00 GMT","cache-control":"no-cache, no-store, max-age=0, must-revalidate","content-type":"application/json; charset=utf-8","vary":"X-Origin, Referer, Origin,Accept-Encoding","server":"scaffolding on HTTPServer2","x-xss-protection":"0","x-frame-options":"SAMEORIGIN","x-content-type-options":"nosniff","alt-svc":"h3=\":443\"; ma=2592000,h3-29=\":443\"; ma=2592000","accept-ranges":"none","transfer-encoding":"chunked"}
[debug] [2024-06-17T18:06:42.119Z] >>> HTTP REQUEST POST https://firebasehosting.googleapis.com/v1beta1/sites/pass-the-cheese/versions  
 {"config":{"rewrites":[{"glob":"**","path":"/index.html"}]},"labels":{"deployment-tool":"cli-firebase"}}
[debug] [2024-06-17T18:06:43.268Z] <<< HTTP RESPONSE 200 {"content-type":"application/json; charset=UTF-8","vary":"X-Origin, Referer, Origin,Accept-Encoding","date":"Mon, 17 Jun 2024 18:06:43 GMT","server":"ESF","cache-control":"private","x-xss-protection":"0","x-frame-options":"SAMEORIGIN","x-content-type-options":"nosniff","alt-svc":"h3=\":443\"; ma=2592000,h3-29=\":443\"; ma=2592000","accept-ranges":"none","transfer-encoding":"chunked"}
[info] i  hosting[pass-the-cheese]: beginning deploy... 
[info] i  hosting[pass-the-cheese]: found 17 files in build 
[debug] [2024-06-17T18:06:43.498Z] > refreshing access token with scopes: []
[debug] [2024-06-17T18:06:43.499Z] >>> HTTP REQUEST POST https://www.googleapis.com/oauth2/v3/token  
 <request body omitted>
[debug] [2024-06-17T18:06:43.499Z] [hosting] hash cache [YnVpbGQ] stored for 17 files
[debug] [2024-06-17T18:06:43.499Z] [hosting][hash queue][FINAL] {"max":219,"min":3,"avg":17.941176470588236,"active":0,"complete":17,"success":17,"errored":0,"retried":0,"total":17,"elapsed":223}
[debug] [2024-06-17T18:06:43.567Z] <<< HTTP RESPONSE 200 {"pragma":"no-cache","expires":"Mon, 01 Jan 1990 00:00:00 GMT","date":"Mon, 17 Jun 2024 18:06:43 GMT","cache-control":"no-cache, no-store, max-age=0, must-revalidate","content-type":"application/json; charset=utf-8","vary":"X-Origin, Referer, Origin,Accept-Encoding","server":"scaffolding on HTTPServer2","x-xss-protection":"0","x-frame-options":"SAMEORIGIN","x-content-type-options":"nosniff","alt-svc":"h3=\":443\"; ma=2592000,h3-29=\":443\"; ma=2592000","accept-ranges":"none","transfer-encoding":"chunked"}
[debug] [2024-06-17T18:06:43.575Z] >>> [apiv2][query] POST https://firebasehosting.googleapis.com/v1beta1/sites/pass-the-cheese/versions/a6fe695d37f7bd09:populateFiles [none]
[debug] [2024-06-17T18:06:43.575Z] >>> [apiv2][body] POST https://firebasehosting.googleapis.com/v1beta1/sites/pass-the-cheese/versions/a6fe695d37f7bd09:populateFiles {"files":{"/favicon.ico":"b72f7455f00e4e58792d2bca892abb068e2213838c0316d6b7a0d6d16acd1955","/asset-manifest.json":"17f9e8aadd687d136b3423d260f2ee76d9a54abc0c5c5786c01251a690eaaa28","/index.html":"2782b8753459ebc4725665d8cb3b3030a4d1cf33ccf179a2f6cc2597b0588983","/logo192.png":"caff018b7f1e8fd481eb1c50d75b0ef236bcd5078b1d15c8bb348453fee30293","/robots.txt":"391d14b3c2f8c9143a27a28c7399585142228d4d1bdbe2c87ac946de411fa9a2","/manifest.json":"341d52628782f8ac9290bbfc43298afccb47b7cbfcee146ae30cf0f46bc30900","/logo512.png":"191fc21360b4ccfb1cda11a1efb97f489ed22672ca83f4064316802bbfdd750e","/static/css/main.3a79f5f6.css":"427277bed0c2d607d9bc07bb486b6de34507f36ba5da983a2a93226136db8dff","/static/js/453.d838f528.chunk.js":"38dc298218df3c7df4b21bdd501a87b556bd487683ccce7e16e9e0a4d1b5cb98","/static/css/main.3a79f5f6.css.map":"6982987be45b9b2230cb37573ad1c477532641e458733af7c35dc492e6830243","/static/js/main.9386e77c.js.LICENSE.txt":"b9c81fac478f7608c5f1fea8069197982a9503c3108de6c6c8dcdfa97f8f36e6","/static/js/453.d838f528.chunk.js.map":"1fbd55396184e7a50c00ae2f2b23b850524b528c0179a5410dee81340376b68f","/Waiting-Room.webp":"ce46d07ddc98c9ba8b65c39e90eeeb6ddd3a17ed01c7e9389e9c2b29edbc3c7d","/Pass-the-cheese.webp":"74024cb2f1c8fb83276cc1a0f52fad8a36c0b3aa25563b14e93db625499af953","/Winner.webp":"4748197b9ecbe0b3290c8ff9a73b3d14502d7462926d98bf59b3ac86aeb52edf","/static/js/main.9386e77c.js":"73a715ffaec482b9a5e19b431689500e93f6096319a80c5e6fe9cddac2ff05c7","/static/js/main.9386e77c.js.map":"cd8e52b1ffa529fd7cd7c3e8c8dfbe921702183fefd979bab8ee861fc3c396dd"}}
